cl : command line warning D9035: option 'Gm' has been deprecated and will be removed in a future release
  main.cpp
C:\Users\jason\Documents\GitHub\ICT290\CAMPUS TOUR\main.cpp(452,56): warning C4305: 'argument': truncation from 'double' to 'GLclampf'
C:\Users\jason\Documents\GitHub\ICT290\CAMPUS TOUR\main.cpp(745,36): warning C4244: 'argument': conversion from 'double' to 'int', possible loss of data
C:\Users\jason\Documents\GitHub\ICT290\CAMPUS TOUR\main.cpp(745,25): warning C4244: 'argument': conversion from 'double' to 'int', possible loss of data
C:\Users\jason\Documents\GitHub\ICT290\CAMPUS TOUR\main.cpp(751,36): warning C4244: 'argument': conversion from 'double' to 'int', possible loss of data
C:\Users\jason\Documents\GitHub\ICT290\CAMPUS TOUR\main.cpp(751,25): warning C4244: 'argument': conversion from 'double' to 'int', possible loss of data
C:\Users\jason\Documents\GitHub\ICT290\CAMPUS TOUR\main.cpp(761,36): warning C4244: 'argument': conversion from 'double' to 'int', possible loss of data
C:\Users\jason\Documents\GitHub\ICT290\CAMPUS TOUR\main.cpp(761,25): warning C4244: 'argument': conversion from 'double' to 'int', possible loss of data
C:\Users\jason\Documents\GitHub\ICT290\CAMPUS TOUR\main.cpp(766,36): warning C4244: 'argument': conversion from 'double' to 'int', possible loss of data
C:\Users\jason\Documents\GitHub\ICT290\CAMPUS TOUR\main.cpp(766,25): warning C4244: 'argument': conversion from 'double' to 'int', possible loss of data
C:\Users\jason\Documents\GitHub\ICT290\CAMPUS TOUR\main.cpp(1702,27): warning C4244: 'argument': conversion from 'GLdouble' to 'GLfloat', possible loss of data
C:\Users\jason\Documents\GitHub\ICT290\CAMPUS TOUR\main.cpp(1728,27): warning C4244: 'argument': conversion from 'GLdouble' to 'GLfloat', possible loss of data
C:\Users\jason\Documents\GitHub\ICT290\CAMPUS TOUR\main.cpp(1745,26): warning C4244: 'argument': conversion from 'GLdouble' to 'GLfloat', possible loss of data
C:\Users\jason\Documents\GitHub\ICT290\CAMPUS TOUR\main.cpp(1983,31): warning C4305: 'argument': truncation from 'double' to 'GLfloat'
C:\Users\jason\Documents\GitHub\ICT290\CAMPUS TOUR\main.cpp(2071,17): warning C4244: 'argument': conversion from 'GLdouble' to 'GLfloat', possible loss of data
C:\Users\jason\Documents\GitHub\ICT290\CAMPUS TOUR\main.cpp(2083,17): warning C4244: 'argument': conversion from 'GLdouble' to 'GLfloat', possible loss of data
C:\Users\jason\Documents\GitHub\ICT290\CAMPUS TOUR\main.cpp(2149,48): warning C4305: 'argument': truncation from 'double' to 'GLfloat'
C:\Users\jason\Documents\GitHub\ICT290\CAMPUS TOUR\main.cpp(2150,27): warning C4305: 'argument': truncation from 'double' to 'GLfloat'
C:\Users\jason\Documents\GitHub\ICT290\CAMPUS TOUR\main.cpp(2151,45): warning C4305: 'argument': truncation from 'double' to 'GLfloat'
C:\Users\jason\Documents\GitHub\ICT290\CAMPUS TOUR\main.cpp(2152,27): warning C4305: 'argument': truncation from 'double' to 'GLfloat'
C:\Users\jason\Documents\GitHub\ICT290\CAMPUS TOUR\main.cpp(2153,46): warning C4305: 'argument': truncation from 'double' to 'GLfloat'
C:\Users\jason\Documents\GitHub\ICT290\CAMPUS TOUR\main.cpp(2155,47): warning C4305: 'argument': truncation from 'double' to 'GLfloat'
C:\Users\jason\Documents\GitHub\ICT290\CAMPUS TOUR\main.cpp(2162,48): warning C4305: 'argument': truncation from 'double' to 'GLfloat'
C:\Users\jason\Documents\GitHub\ICT290\CAMPUS TOUR\main.cpp(2163,27): warning C4305: 'argument': truncation from 'double' to 'GLfloat'
C:\Users\jason\Documents\GitHub\ICT290\CAMPUS TOUR\main.cpp(2164,45): warning C4305: 'argument': truncation from 'double' to 'GLfloat'
C:\Users\jason\Documents\GitHub\ICT290\CAMPUS TOUR\main.cpp(2165,28): warning C4305: 'argument': truncation from 'double' to 'GLfloat'
C:\Users\jason\Documents\GitHub\ICT290\CAMPUS TOUR\main.cpp(2166,51): warning C4305: 'argument': truncation from 'double' to 'GLfloat'
C:\Users\jason\Documents\GitHub\ICT290\CAMPUS TOUR\main.cpp(2168,52): warning C4305: 'argument': truncation from 'double' to 'GLfloat'
C:\Users\jason\Documents\GitHub\ICT290\CAMPUS TOUR\main.cpp(2176,48): warning C4305: 'argument': truncation from 'double' to 'GLfloat'
C:\Users\jason\Documents\GitHub\ICT290\CAMPUS TOUR\main.cpp(2177,27): warning C4305: 'argument': truncation from 'double' to 'GLfloat'
C:\Users\jason\Documents\GitHub\ICT290\CAMPUS TOUR\main.cpp(2178,45): warning C4305: 'argument': truncation from 'double' to 'GLfloat'
C:\Users\jason\Documents\GitHub\ICT290\CAMPUS TOUR\main.cpp(2179,28): warning C4305: 'argument': truncation from 'double' to 'GLfloat'
C:\Users\jason\Documents\GitHub\ICT290\CAMPUS TOUR\main.cpp(2180,51): warning C4305: 'argument': truncation from 'double' to 'GLfloat'
C:\Users\jason\Documents\GitHub\ICT290\CAMPUS TOUR\main.cpp(2182,52): warning C4305: 'argument': truncation from 'double' to 'GLfloat'
C:\Users\jason\Documents\GitHub\ICT290\CAMPUS TOUR\main.cpp(2248,27): warning C4244: 'argument': conversion from 'GLdouble' to 'GLfloat', possible loss of data
C:\Users\jason\Documents\GitHub\ICT290\CAMPUS TOUR\main.cpp(2252,32): warning C4244: 'argument': conversion from 'GLdouble' to 'GLfloat', possible loss of data
C:\Users\jason\Documents\GitHub\ICT290\CAMPUS TOUR\main.cpp(2332,34): warning C4244: 'argument': conversion from 'GLdouble' to 'GLfloat', possible loss of data
C:\Users\jason\Documents\GitHub\ICT290\CAMPUS TOUR\main.cpp(2332,17): warning C4244: 'argument': conversion from 'GLdouble' to 'GLfloat', possible loss of data
C:\Users\jason\Documents\GitHub\ICT290\CAMPUS TOUR\main.cpp(2337,29): warning C4244: 'argument': conversion from 'GLdouble' to 'GLfloat', possible loss of data
C:\Users\jason\Documents\GitHub\ICT290\CAMPUS TOUR\main.cpp(2341,34): warning C4244: 'argument': conversion from 'GLdouble' to 'GLfloat', possible loss of data
C:\Users\jason\Documents\GitHub\ICT290\CAMPUS TOUR\main.cpp(2347,33): warning C4244: 'argument': conversion from 'GLdouble' to 'GLfloat', possible loss of data
C:\Users\jason\Documents\GitHub\ICT290\CAMPUS TOUR\main.cpp(2351,38): warning C4244: 'argument': conversion from 'GLdouble' to 'GLfloat', possible loss of data
C:\Users\jason\Documents\GitHub\ICT290\CAMPUS TOUR\main.cpp(2358,29): warning C4244: 'argument': conversion from 'GLdouble' to 'GLfloat', possible loss of data
C:\Users\jason\Documents\GitHub\ICT290\CAMPUS TOUR\main.cpp(2362,31): warning C4244: 'argument': conversion from 'GLdouble' to 'GLfloat', possible loss of data
C:\Users\jason\Documents\GitHub\ICT290\CAMPUS TOUR\main.cpp(2368,33): warning C4244: 'argument': conversion from 'GLdouble' to 'GLfloat', possible loss of data
C:\Users\jason\Documents\GitHub\ICT290\CAMPUS TOUR\main.cpp(2385,17): warning C4244: 'argument': conversion from 'GLdouble' to 'GLfloat', possible loss of data
C:\Users\jason\Documents\GitHub\ICT290\CAMPUS TOUR\main.cpp(2389,17): warning C4244: 'argument': conversion from 'GLdouble' to 'GLfloat', possible loss of data
C:\Users\jason\Documents\GitHub\ICT290\CAMPUS TOUR\main.cpp(2395,17): warning C4244: 'argument': conversion from 'GLdouble' to 'GLfloat', possible loss of data
C:\Users\jason\Documents\GitHub\ICT290\CAMPUS TOUR\main.cpp(2399,22): warning C4244: 'argument': conversion from 'GLdouble' to 'GLfloat', possible loss of data
C:\Users\jason\Documents\GitHub\ICT290\CAMPUS TOUR\main.cpp(2438,27): warning C4244: 'argument': conversion from 'GLdouble' to 'GLfloat', possible loss of data
C:\Users\jason\Documents\GitHub\ICT290\CAMPUS TOUR\main.cpp(2445,32): warning C4244: 'argument': conversion from 'GLdouble' to 'GLfloat', possible loss of data
C:\Users\jason\Documents\GitHub\ICT290\CAMPUS TOUR\main.cpp(2456,31): warning C4244: 'argument': conversion from 'GLdouble' to 'GLfloat', possible loss of data
C:\Users\jason\Documents\GitHub\ICT290\CAMPUS TOUR\main.cpp(2463,36): warning C4244: 'argument': conversion from 'GLdouble' to 'GLfloat', possible loss of data
C:\Users\jason\Documents\GitHub\ICT290\CAMPUS TOUR\main.cpp(2486,30): warning C4244: 'argument': conversion from 'GLdouble' to 'GLfloat', possible loss of data
C:\Users\jason\Documents\GitHub\ICT290\CAMPUS TOUR\main.cpp(2500,34): warning C4244: 'argument': conversion from 'GLdouble' to 'GLfloat', possible loss of data
C:\Users\jason\Documents\GitHub\ICT290\CAMPUS TOUR\main.cpp(2500,22): warning C4244: 'argument': conversion from 'GLdouble' to 'GLfloat', possible loss of data
C:\Users\jason\Documents\GitHub\ICT290\CAMPUS TOUR\main.cpp(2520,27): warning C4244: 'argument': conversion from 'GLdouble' to 'GLfloat', possible loss of data
C:\Users\jason\Documents\GitHub\ICT290\CAMPUS TOUR\main.cpp(2558,27): warning C4305: 'argument': truncation from 'double' to 'GLfloat'
C:\Users\jason\Documents\GitHub\ICT290\CAMPUS TOUR\main.cpp(2559,59): warning C4305: 'argument': truncation from 'double' to 'GLfloat'
C:\Users\jason\Documents\GitHub\ICT290\CAMPUS TOUR\main.cpp(2560,27): warning C4305: 'argument': truncation from 'double' to 'GLfloat'
C:\Users\jason\Documents\GitHub\ICT290\CAMPUS TOUR\main.cpp(2561,59): warning C4305: 'argument': truncation from 'double' to 'GLfloat'
C:\Users\jason\Documents\GitHub\ICT290\CAMPUS TOUR\main.cpp(2610,22): warning C4244: 'argument': conversion from 'GLdouble' to 'GLfloat', possible loss of data
C:\Users\jason\Documents\GitHub\ICT290\CAMPUS TOUR\main.cpp(2618,20): warning C4244: 'argument': conversion from 'GLdouble' to 'GLfloat', possible loss of data
C:\Users\jason\Documents\GitHub\ICT290\CAMPUS TOUR\main.cpp(2625,25): warning C4244: 'argument': conversion from 'GLdouble' to 'GLfloat', possible loss of data
C:\Users\jason\Documents\GitHub\ICT290\CAMPUS TOUR\main.cpp(2638,22): warning C4244: 'argument': conversion from 'GLdouble' to 'GLfloat', possible loss of data
C:\Users\jason\Documents\GitHub\ICT290\CAMPUS TOUR\main.cpp(2646,20): warning C4244: 'argument': conversion from 'GLdouble' to 'GLfloat', possible loss of data
C:\Users\jason\Documents\GitHub\ICT290\CAMPUS TOUR\main.cpp(2712,28): warning C4305: 'argument': truncation from 'double' to 'GLfloat'
C:\Users\jason\Documents\GitHub\ICT290\CAMPUS TOUR\main.cpp(2713,60): warning C4305: 'argument': truncation from 'double' to 'GLfloat'
C:\Users\jason\Documents\GitHub\ICT290\CAMPUS TOUR\main.cpp(2714,28): warning C4305: 'argument': truncation from 'double' to 'GLfloat'
C:\Users\jason\Documents\GitHub\ICT290\CAMPUS TOUR\main.cpp(2715,60): warning C4305: 'argument': truncation from 'double' to 'GLfloat'
C:\Users\jason\Documents\GitHub\ICT290\CAMPUS TOUR\main.cpp(2724,28): warning C4305: 'argument': truncation from 'double' to 'GLfloat'
C:\Users\jason\Documents\GitHub\ICT290\CAMPUS TOUR\main.cpp(2725,60): warning C4305: 'argument': truncation from 'double' to 'GLfloat'
C:\Users\jason\Documents\GitHub\ICT290\CAMPUS TOUR\main.cpp(2726,28): warning C4305: 'argument': truncation from 'double' to 'GLfloat'
C:\Users\jason\Documents\GitHub\ICT290\CAMPUS TOUR\main.cpp(2727,60): warning C4305: 'argument': truncation from 'double' to 'GLfloat'
C:\Users\jason\Documents\GitHub\ICT290\CAMPUS TOUR\main.cpp(3095,27): warning C4244: 'argument': conversion from 'GLdouble' to 'GLfloat', possible loss of data
C:\Users\jason\Documents\GitHub\ICT290\CAMPUS TOUR\main.cpp(3296,27): warning C4244: 'argument': conversion from 'GLdouble' to 'GLfloat', possible loss of data
C:\Users\jason\Documents\GitHub\ICT290\CAMPUS TOUR\main.cpp(3311,27): warning C4244: 'argument': conversion from 'GLdouble' to 'GLfloat', possible loss of data
C:\Users\jason\Documents\GitHub\ICT290\CAMPUS TOUR\main.cpp(3327,27): warning C4244: 'argument': conversion from 'GLdouble' to 'GLfloat', possible loss of data
C:\Users\jason\Documents\GitHub\ICT290\CAMPUS TOUR\main.cpp(3347,17): warning C4244: 'argument': conversion from 'GLdouble' to 'GLfloat', possible loss of data
C:\Users\jason\Documents\GitHub\ICT290\CAMPUS TOUR\main.cpp(3370,27): warning C4244: 'argument': conversion from 'GLdouble' to 'GLfloat', possible loss of data
C:\Users\jason\Documents\GitHub\ICT290\CAMPUS TOUR\main.cpp(3374,32): warning C4244: 'argument': conversion from 'GLdouble' to 'GLfloat', possible loss of data
C:\Users\jason\Documents\GitHub\ICT290\CAMPUS TOUR\main.cpp(3393,27): warning C4244: 'argument': conversion from 'GLdouble' to 'GLfloat', possible loss of data
C:\Users\jason\Documents\GitHub\ICT290\CAMPUS TOUR\main.cpp(3397,32): warning C4244: 'argument': conversion from 'GLdouble' to 'GLfloat', possible loss of data
C:\Users\jason\Documents\GitHub\ICT290\CAMPUS TOUR\main.cpp(3417,27): warning C4244: 'argument': conversion from 'GLdouble' to 'GLfloat', possible loss of data
C:\Users\jason\Documents\GitHub\ICT290\CAMPUS TOUR\main.cpp(3421,32): warning C4244: 'argument': conversion from 'GLdouble' to 'GLfloat', possible loss of data
C:\Users\jason\Documents\GitHub\ICT290\CAMPUS TOUR\main.cpp(3441,17): warning C4244: 'argument': conversion from 'GLdouble' to 'GLfloat', possible loss of data
C:\Users\jason\Documents\GitHub\ICT290\CAMPUS TOUR\main.cpp(3445,22): warning C4244: 'argument': conversion from 'GLdouble' to 'GLfloat', possible loss of data
C:\Users\jason\Documents\GitHub\ICT290\CAMPUS TOUR\main.cpp(3506,27): warning C4305: 'argument': truncation from 'double' to 'GLfloat'
C:\Users\jason\Documents\GitHub\ICT290\CAMPUS TOUR\main.cpp(3507,57): warning C4305: 'argument': truncation from 'double' to 'GLfloat'
C:\Users\jason\Documents\GitHub\ICT290\CAMPUS TOUR\main.cpp(3508,27): warning C4305: 'argument': truncation from 'double' to 'GLfloat'
C:\Users\jason\Documents\GitHub\ICT290\CAMPUS TOUR\main.cpp(3509,58): warning C4305: 'argument': truncation from 'double' to 'GLfloat'
C:\Users\jason\Documents\GitHub\ICT290\CAMPUS TOUR\main.cpp(3511,40): warning C4305: 'argument': truncation from 'double' to 'GLfloat'
C:\Users\jason\Documents\GitHub\ICT290\CAMPUS TOUR\main.cpp(3518,39): warning C4305: 'argument': truncation from 'double' to 'GLfloat'
C:\Users\jason\Documents\GitHub\ICT290\CAMPUS TOUR\main.cpp(3519,27): warning C4305: 'argument': truncation from 'double' to 'GLfloat'
C:\Users\jason\Documents\GitHub\ICT290\CAMPUS TOUR\main.cpp(3520,57): warning C4305: 'argument': truncation from 'double' to 'GLfloat'
C:\Users\jason\Documents\GitHub\ICT290\CAMPUS TOUR\main.cpp(3521,27): warning C4305: 'argument': truncation from 'double' to 'GLfloat'
C:\Users\jason\Documents\GitHub\ICT290\CAMPUS TOUR\main.cpp(3522,56): warning C4305: 'argument': truncation from 'double' to 'GLfloat'
C:\Users\jason\Documents\GitHub\ICT290\CAMPUS TOUR\main.cpp(3531,39): warning C4305: 'argument': truncation from 'double' to 'GLfloat'
C:\Users\jason\Documents\GitHub\ICT290\CAMPUS TOUR\main.cpp(3533,59): warning C4305: 'argument': truncation from 'double' to 'GLfloat'
C:\Users\jason\Documents\GitHub\ICT290\CAMPUS TOUR\main.cpp(3534,30): warning C4305: 'argument': truncation from 'double' to 'GLfloat'
C:\Users\jason\Documents\GitHub\ICT290\CAMPUS TOUR\main.cpp(3535,59): warning C4305: 'argument': truncation from 'double' to 'GLfloat'
C:\Users\jason\Documents\GitHub\ICT290\CAMPUS TOUR\main.cpp(3536,30): warning C4305: 'argument': truncation from 'double' to 'GLfloat'
C:\Users\jason\Documents\GitHub\ICT290\CAMPUS TOUR\main.cpp(3537,40): warning C4305: 'argument': truncation from 'double' to 'GLfloat'
C:\Users\jason\Documents\GitHub\ICT290\CAMPUS TOUR\main.cpp(3545,27): warning C4305: 'argument': truncation from 'double' to 'GLfloat'
C:\Users\jason\Documents\GitHub\ICT290\CAMPUS TOUR\main.cpp(3546,57): warning C4305: 'argument': truncation from 'double' to 'GLfloat'
C:\Users\jason\Documents\GitHub\ICT290\CAMPUS TOUR\main.cpp(3547,29): warning C4305: 'argument': truncation from 'double' to 'GLfloat'
C:\Users\jason\Documents\GitHub\ICT290\CAMPUS TOUR\main.cpp(3548,58): warning C4305: 'argument': truncation from 'double' to 'GLfloat'
C:\Users\jason\Documents\GitHub\ICT290\CAMPUS TOUR\main.cpp(3549,27): warning C4305: 'argument': truncation from 'double' to 'GLfloat'
C:\Users\jason\Documents\GitHub\ICT290\CAMPUS TOUR\main.cpp(3550,40): warning C4305: 'argument': truncation from 'double' to 'GLfloat'
C:\Users\jason\Documents\GitHub\ICT290\CAMPUS TOUR\main.cpp(3560,27): warning C4305: 'argument': truncation from 'double' to 'GLfloat'
C:\Users\jason\Documents\GitHub\ICT290\CAMPUS TOUR\main.cpp(3561,41): warning C4305: 'argument': truncation from 'double' to 'GLfloat'
C:\Users\jason\Documents\GitHub\ICT290\CAMPUS TOUR\main.cpp(3562,27): warning C4305: 'argument': truncation from 'double' to 'GLfloat'
C:\Users\jason\Documents\GitHub\ICT290\CAMPUS TOUR\main.cpp(3563,41): warning C4305: 'argument': truncation from 'double' to 'GLfloat'
C:\Users\jason\Documents\GitHub\ICT290\CAMPUS TOUR\main.cpp(3573,27): warning C4305: 'argument': truncation from 'double' to 'GLfloat'
C:\Users\jason\Documents\GitHub\ICT290\CAMPUS TOUR\main.cpp(3574,48): warning C4305: 'argument': truncation from 'double' to 'GLfloat'
C:\Users\jason\Documents\GitHub\ICT290\CAMPUS TOUR\main.cpp(3575,27): warning C4305: 'argument': truncation from 'double' to 'GLfloat'
C:\Users\jason\Documents\GitHub\ICT290\CAMPUS TOUR\main.cpp(3576,41): warning C4305: 'argument': truncation from 'double' to 'GLfloat'
C:\Users\jason\Documents\GitHub\ICT290\CAMPUS TOUR\main.cpp(3584,27): warning C4305: 'argument': truncation from 'double' to 'GLfloat'
C:\Users\jason\Documents\GitHub\ICT290\CAMPUS TOUR\main.cpp(3585,58): warning C4305: 'argument': truncation from 'double' to 'GLfloat'
C:\Users\jason\Documents\GitHub\ICT290\CAMPUS TOUR\main.cpp(3586,29): warning C4305: 'argument': truncation from 'double' to 'GLfloat'
C:\Users\jason\Documents\GitHub\ICT290\CAMPUS TOUR\main.cpp(3587,59): warning C4305: 'argument': truncation from 'double' to 'GLfloat'
C:\Users\jason\Documents\GitHub\ICT290\CAMPUS TOUR\main.cpp(3588,27): warning C4305: 'argument': truncation from 'double' to 'GLfloat'
C:\Users\jason\Documents\GitHub\ICT290\CAMPUS TOUR\main.cpp(3589,41): warning C4305: 'argument': truncation from 'double' to 'GLfloat'
C:\Users\jason\Documents\GitHub\ICT290\CAMPUS TOUR\main.cpp(3599,27): warning C4305: 'argument': truncation from 'double' to 'GLfloat'
C:\Users\jason\Documents\GitHub\ICT290\CAMPUS TOUR\main.cpp(3600,48): warning C4305: 'argument': truncation from 'double' to 'GLfloat'
C:\Users\jason\Documents\GitHub\ICT290\CAMPUS TOUR\main.cpp(3601,27): warning C4305: 'argument': truncation from 'double' to 'GLfloat'
C:\Users\jason\Documents\GitHub\ICT290\CAMPUS TOUR\main.cpp(3602,41): warning C4305: 'argument': truncation from 'double' to 'GLfloat'
C:\Users\jason\Documents\GitHub\ICT290\CAMPUS TOUR\main.cpp(3612,27): warning C4305: 'argument': truncation from 'double' to 'GLfloat'
C:\Users\jason\Documents\GitHub\ICT290\CAMPUS TOUR\main.cpp(3613,48): warning C4305: 'argument': truncation from 'double' to 'GLfloat'
C:\Users\jason\Documents\GitHub\ICT290\CAMPUS TOUR\main.cpp(3614,27): warning C4305: 'argument': truncation from 'double' to 'GLfloat'
C:\Users\jason\Documents\GitHub\ICT290\CAMPUS TOUR\main.cpp(3615,41): warning C4305: 'argument': truncation from 'double' to 'GLfloat'
C:\Users\jason\Documents\GitHub\ICT290\CAMPUS TOUR\main.cpp(3622,41): warning C4305: 'argument': truncation from 'double' to 'GLfloat'
C:\Users\jason\Documents\GitHub\ICT290\CAMPUS TOUR\main.cpp(3623,26): warning C4305: 'argument': truncation from 'double' to 'GLfloat'
C:\Users\jason\Documents\GitHub\ICT290\CAMPUS TOUR\main.cpp(3624,58): warning C4305: 'argument': truncation from 'double' to 'GLfloat'
C:\Users\jason\Documents\GitHub\ICT290\CAMPUS TOUR\main.cpp(3625,28): warning C4305: 'argument': truncation from 'double' to 'GLfloat'
C:\Users\jason\Documents\GitHub\ICT290\CAMPUS TOUR\main.cpp(3626,58): warning C4305: 'argument': truncation from 'double' to 'GLfloat'
C:\Users\jason\Documents\GitHub\ICT290\CAMPUS TOUR\main.cpp(3627,27): warning C4305: 'argument': truncation from 'double' to 'GLfloat'
C:\Users\jason\Documents\GitHub\ICT290\CAMPUS TOUR\main.cpp(3628,41): warning C4305: 'argument': truncation from 'double' to 'GLfloat'
C:\Users\jason\Documents\GitHub\ICT290\CAMPUS TOUR\main.cpp(3635,41): warning C4305: 'argument': truncation from 'double' to 'GLfloat'
C:\Users\jason\Documents\GitHub\ICT290\CAMPUS TOUR\main.cpp(3637,48): warning C4305: 'argument': truncation from 'double' to 'GLfloat'
C:\Users\jason\Documents\GitHub\ICT290\CAMPUS TOUR\main.cpp(3638,27): warning C4305: 'argument': truncation from 'double' to 'GLfloat'
C:\Users\jason\Documents\GitHub\ICT290\CAMPUS TOUR\main.cpp(3639,48): warning C4305: 'argument': truncation from 'double' to 'GLfloat'
C:\Users\jason\Documents\GitHub\ICT290\CAMPUS TOUR\main.cpp(3640,27): warning C4305: 'argument': truncation from 'double' to 'GLfloat'
C:\Users\jason\Documents\GitHub\ICT290\CAMPUS TOUR\main.cpp(3641,41): warning C4305: 'argument': truncation from 'double' to 'GLfloat'
C:\Users\jason\Documents\GitHub\ICT290\CAMPUS TOUR\main.cpp(3648,41): warning C4305: 'argument': truncation from 'double' to 'GLfloat'
C:\Users\jason\Documents\GitHub\ICT290\CAMPUS TOUR\main.cpp(3650,48): warning C4305: 'argument': truncation from 'double' to 'GLfloat'
C:\Users\jason\Documents\GitHub\ICT290\CAMPUS TOUR\main.cpp(3651,27): warning C4305: 'argument': truncation from 'double' to 'GLfloat'
C:\Users\jason\Documents\GitHub\ICT290\CAMPUS TOUR\main.cpp(3652,48): warning C4305: 'argument': truncation from 'double' to 'GLfloat'
C:\Users\jason\Documents\GitHub\ICT290\CAMPUS TOUR\main.cpp(3653,27): warning C4305: 'argument': truncation from 'double' to 'GLfloat'
C:\Users\jason\Documents\GitHub\ICT290\CAMPUS TOUR\main.cpp(3654,41): warning C4305: 'argument': truncation from 'double' to 'GLfloat'
C:\Users\jason\Documents\GitHub\ICT290\CAMPUS TOUR\main.cpp(3662,28): warning C4305: 'argument': truncation from 'double' to 'GLfloat'
C:\Users\jason\Documents\GitHub\ICT290\CAMPUS TOUR\main.cpp(3663,67): warning C4305: 'argument': truncation from 'double' to 'GLfloat'
C:\Users\jason\Documents\GitHub\ICT290\CAMPUS TOUR\main.cpp(3664,29): warning C4305: 'argument': truncation from 'double' to 'GLfloat'
C:\Users\jason\Documents\GitHub\ICT290\CAMPUS TOUR\main.cpp(3665,67): warning C4305: 'argument': truncation from 'double' to 'GLfloat'
C:\Users\jason\Documents\GitHub\ICT290\CAMPUS TOUR\main.cpp(3666,29): warning C4305: 'argument': truncation from 'double' to 'GLfloat'
C:\Users\jason\Documents\GitHub\ICT290\CAMPUS TOUR\main.cpp(3677,27): warning C4305: 'argument': truncation from 'double' to 'GLfloat'
C:\Users\jason\Documents\GitHub\ICT290\CAMPUS TOUR\main.cpp(3679,27): warning C4305: 'argument': truncation from 'double' to 'GLfloat'
C:\Users\jason\Documents\GitHub\ICT290\CAMPUS TOUR\main.cpp(3690,27): warning C4305: 'argument': truncation from 'double' to 'GLfloat'
C:\Users\jason\Documents\GitHub\ICT290\CAMPUS TOUR\main.cpp(3692,27): warning C4305: 'argument': truncation from 'double' to 'GLfloat'
C:\Users\jason\Documents\GitHub\ICT290\CAMPUS TOUR\main.cpp(3736,23): warning C4244: 'argument': conversion from 'GLdouble' to 'GLfloat', possible loss of data
C:\Users\jason\Documents\GitHub\ICT290\CAMPUS TOUR\main.cpp(3736,18): warning C4244: 'argument': conversion from 'GLdouble' to 'GLfloat', possible loss of data
C:\Users\jason\Documents\GitHub\ICT290\CAMPUS TOUR\main.cpp(3736,15): warning C4244: 'argument': conversion from 'GLdouble' to 'GLfloat', possible loss of data
C:\Users\jason\Documents\GitHub\ICT290\CAMPUS TOUR\main.cpp(3738,21): warning C4244: 'argument': conversion from 'GLdouble' to 'GLfloat', possible loss of data
C:\Users\jason\Documents\GitHub\ICT290\CAMPUS TOUR\main.cpp(3738,18): warning C4244: 'argument': conversion from 'GLdouble' to 'GLfloat', possible loss of data
C:\Users\jason\Documents\GitHub\ICT290\CAMPUS TOUR\main.cpp(3738,15): warning C4244: 'argument': conversion from 'GLdouble' to 'GLfloat', possible loss of data
C:\Users\jason\Documents\GitHub\ICT290\CAMPUS TOUR\main.cpp(3739,17): warning C4244: 'argument': conversion from 'GLdouble' to 'GLfloat', possible loss of data
C:\Users\jason\Documents\GitHub\ICT290\CAMPUS TOUR\main.cpp(3740,34): warning C4244: 'argument': conversion from 'GLdouble' to 'GLfloat', possible loss of data
C:\Users\jason\Documents\GitHub\ICT290\CAMPUS TOUR\main.cpp(3740,35): warning C4305: 'argument': truncation from 'double' to 'GLfloat'
C:\Users\jason\Documents\GitHub\ICT290\CAMPUS TOUR\main.cpp(3741,17): warning C4244: 'argument': conversion from 'GLdouble' to 'GLfloat', possible loss of data
C:\Users\jason\Documents\GitHub\ICT290\CAMPUS TOUR\main.cpp(3742,36): warning C4244: 'argument': conversion from 'GLdouble' to 'GLfloat', possible loss of data
C:\Users\jason\Documents\GitHub\ICT290\CAMPUS TOUR\main.cpp(3742,42): warning C4305: 'argument': truncation from 'double' to 'GLfloat'
C:\Users\jason\Documents\GitHub\ICT290\CAMPUS TOUR\main.cpp(3748,21): warning C4244: 'argument': conversion from 'GLdouble' to 'GLfloat', possible loss of data
C:\Users\jason\Documents\GitHub\ICT290\CAMPUS TOUR\main.cpp(3748,18): warning C4244: 'argument': conversion from 'GLdouble' to 'GLfloat', possible loss of data
C:\Users\jason\Documents\GitHub\ICT290\CAMPUS TOUR\main.cpp(3748,15): warning C4244: 'argument': conversion from 'GLdouble' to 'GLfloat', possible loss of data
C:\Users\jason\Documents\GitHub\ICT290\CAMPUS TOUR\main.cpp(3750,28): warning C4244: 'argument': conversion from 'GLdouble' to 'GLfloat', possible loss of data
C:\Users\jason\Documents\GitHub\ICT290\CAMPUS TOUR\main.cpp(3750,20): warning C4244: 'argument': conversion from 'GLdouble' to 'GLfloat', possible loss of data
C:\Users\jason\Documents\GitHub\ICT290\CAMPUS TOUR\main.cpp(3750,15): warning C4244: 'argument': conversion from 'GLdouble' to 'GLfloat', possible loss of data
C:\Users\jason\Documents\GitHub\ICT290\CAMPUS TOUR\main.cpp(3751,17): warning C4244: 'argument': conversion from 'GLdouble' to 'GLfloat', possible loss of data
C:\Users\jason\Documents\GitHub\ICT290\CAMPUS TOUR\main.cpp(3752,41): warning C4244: 'argument': conversion from 'GLdouble' to 'GLfloat', possible loss of data
C:\Users\jason\Documents\GitHub\ICT290\CAMPUS TOUR\main.cpp(3752,42): warning C4305: 'argument': truncation from 'double' to 'GLfloat'
C:\Users\jason\Documents\GitHub\ICT290\CAMPUS TOUR\main.cpp(3753,17): warning C4244: 'argument': conversion from 'GLdouble' to 'GLfloat', possible loss of data
C:\Users\jason\Documents\GitHub\ICT290\CAMPUS TOUR\main.cpp(3754,34): warning C4244: 'argument': conversion from 'GLdouble' to 'GLfloat', possible loss of data
C:\Users\jason\Documents\GitHub\ICT290\CAMPUS TOUR\main.cpp(3754,35): warning C4305: 'argument': truncation from 'double' to 'GLfloat'
C:\Users\jason\Documents\GitHub\ICT290\CAMPUS TOUR\main.cpp(3764,21): warning C4244: 'argument': conversion from 'GLdouble' to 'GLfloat', possible loss of data
C:\Users\jason\Documents\GitHub\ICT290\CAMPUS TOUR\main.cpp(3764,18): warning C4244: 'argument': conversion from 'GLdouble' to 'GLfloat', possible loss of data
C:\Users\jason\Documents\GitHub\ICT290\CAMPUS TOUR\main.cpp(3764,15): warning C4244: 'argument': conversion from 'GLdouble' to 'GLfloat', possible loss of data
C:\Users\jason\Documents\GitHub\ICT290\CAMPUS TOUR\main.cpp(3766,28): warning C4244: 'argument': conversion from 'GLdouble' to 'GLfloat', possible loss of data
C:\Users\jason\Documents\GitHub\ICT290\CAMPUS TOUR\main.cpp(3766,25): warning C4244: 'argument': conversion from 'GLdouble' to 'GLfloat', possible loss of data
C:\Users\jason\Documents\GitHub\ICT290\CAMPUS TOUR\main.cpp(3766,17): warning C4244: 'argument': conversion from 'GLdouble' to 'GLfloat', possible loss of data
C:\Users\jason\Documents\GitHub\ICT290\CAMPUS TOUR\main.cpp(3767,22): warning C4244: 'argument': conversion from 'GLdouble' to 'GLfloat', possible loss of data
C:\Users\jason\Documents\GitHub\ICT290\CAMPUS TOUR\main.cpp(3768,17): warning C4244: 'argument': conversion from 'GLdouble' to 'GLfloat', possible loss of data
C:\Users\jason\Documents\GitHub\ICT290\CAMPUS TOUR\main.cpp(3769,22): warning C4244: 'argument': conversion from 'GLdouble' to 'GLfloat', possible loss of data
C:\Users\jason\Documents\GitHub\ICT290\CAMPUS TOUR\main.cpp(3770,15): warning C4244: 'argument': conversion from 'GLdouble' to 'GLfloat', possible loss of data
C:\Users\jason\Documents\GitHub\ICT290\CAMPUS TOUR\main.cpp(3776,21): warning C4244: 'argument': conversion from 'GLdouble' to 'GLfloat', possible loss of data
C:\Users\jason\Documents\GitHub\ICT290\CAMPUS TOUR\main.cpp(3776,18): warning C4244: 'argument': conversion from 'GLdouble' to 'GLfloat', possible loss of data
C:\Users\jason\Documents\GitHub\ICT290\CAMPUS TOUR\main.cpp(3776,15): warning C4244: 'argument': conversion from 'GLdouble' to 'GLfloat', possible loss of data
C:\Users\jason\Documents\GitHub\ICT290\CAMPUS TOUR\main.cpp(3778,28): warning C4244: 'argument': conversion from 'GLdouble' to 'GLfloat', possible loss of data
C:\Users\jason\Documents\GitHub\ICT290\CAMPUS TOUR\main.cpp(3778,20): warning C4244: 'argument': conversion from 'GLdouble' to 'GLfloat', possible loss of data
C:\Users\jason\Documents\GitHub\ICT290\CAMPUS TOUR\main.cpp(3778,15): warning C4244: 'argument': conversion from 'GLdouble' to 'GLfloat', possible loss of data
C:\Users\jason\Documents\GitHub\ICT290\CAMPUS TOUR\main.cpp(3779,22): warning C4244: 'argument': conversion from 'GLdouble' to 'GLfloat', possible loss of data
C:\Users\jason\Documents\GitHub\ICT290\CAMPUS TOUR\main.cpp(3780,15): warning C4244: 'argument': conversion from 'GLdouble' to 'GLfloat', possible loss of data
C:\Users\jason\Documents\GitHub\ICT290\CAMPUS TOUR\main.cpp(3781,22): warning C4244: 'argument': conversion from 'GLdouble' to 'GLfloat', possible loss of data
C:\Users\jason\Documents\GitHub\ICT290\CAMPUS TOUR\main.cpp(3782,15): warning C4244: 'argument': conversion from 'GLdouble' to 'GLfloat', possible loss of data
C:\Users\jason\Documents\GitHub\ICT290\CAMPUS TOUR\main.cpp(3811,23): warning C4244: 'argument': conversion from 'GLdouble' to 'GLfloat', possible loss of data
C:\Users\jason\Documents\GitHub\ICT290\CAMPUS TOUR\main.cpp(3811,17): warning C4244: 'argument': conversion from 'GLdouble' to 'GLfloat', possible loss of data
C:\Users\jason\Documents\GitHub\ICT290\CAMPUS TOUR\main.cpp(3815,23): warning C4244: 'argument': conversion from 'GLdouble' to 'GLfloat', possible loss of data
C:\Users\jason\Documents\GitHub\ICT290\CAMPUS TOUR\main.cpp(3815,17): warning C4244: 'argument': conversion from 'GLdouble' to 'GLfloat', possible loss of data
C:\Users\jason\Documents\GitHub\ICT290\CAMPUS TOUR\main.cpp(3870,27): warning C4244: 'argument': conversion from 'GLdouble' to 'GLfloat', possible loss of data
C:\Users\jason\Documents\GitHub\ICT290\CAMPUS TOUR\main.cpp(3897,29): warning C4244: 'argument': conversion from 'GLdouble' to 'GLfloat', possible loss of data
C:\Users\jason\Documents\GitHub\ICT290\CAMPUS TOUR\main.cpp(3911,19): warning C4244: 'argument': conversion from 'GLdouble' to 'GLfloat', possible loss of data
C:\Users\jason\Documents\GitHub\ICT290\CAMPUS TOUR\main.cpp(3939,29): warning C4244: 'argument': conversion from 'GLdouble' to 'GLfloat', possible loss of data
C:\Users\jason\Documents\GitHub\ICT290\CAMPUS TOUR\main.cpp(3939,17): warning C4244: 'argument': conversion from 'GLdouble' to 'GLfloat', possible loss of data
C:\Users\jason\Documents\GitHub\ICT290\CAMPUS TOUR\main.cpp(3966,19): warning C4244: 'argument': conversion from 'GLdouble' to 'GLfloat', possible loss of data
C:\Users\jason\Documents\GitHub\ICT290\CAMPUS TOUR\main.cpp(3980,29): warning C4244: 'argument': conversion from 'GLdouble' to 'GLfloat', possible loss of data
C:\Users\jason\Documents\GitHub\ICT290\CAMPUS TOUR\main.cpp(4139,32): warning C4305: 'argument': truncation from 'double' to 'GLfloat'
C:\Users\jason\Documents\GitHub\ICT290\CAMPUS TOUR\main.cpp(4173,27): warning C4244: 'argument': conversion from 'GLdouble' to 'GLfloat', possible loss of data
C:\Users\jason\Documents\GitHub\ICT290\CAMPUS TOUR\main.cpp(4204,17): warning C4244: 'argument': conversion from 'GLdouble' to 'GLfloat', possible loss of data
C:\Users\jason\Documents\GitHub\ICT290\CAMPUS TOUR\main.cpp(4247,33): warning C4305: 'argument': truncation from 'double' to 'GLfloat'
C:\Users\jason\Documents\GitHub\ICT290\CAMPUS TOUR\main.cpp(4252,33): warning C4305: 'argument': truncation from 'double' to 'GLfloat'
C:\Users\jason\Documents\GitHub\ICT290\CAMPUS TOUR\main.cpp(4383,27): warning C4305: 'argument': truncation from 'double' to 'GLfloat'
C:\Users\jason\Documents\GitHub\ICT290\CAMPUS TOUR\main.cpp(4385,28): warning C4305: 'argument': truncation from 'double' to 'GLfloat'
C:\Users\jason\Documents\GitHub\ICT290\CAMPUS TOUR\main.cpp(4386,41): warning C4305: 'argument': truncation from 'double' to 'GLfloat'
C:\Users\jason\Documents\GitHub\ICT290\CAMPUS TOUR\main.cpp(4387,28): warning C4305: 'argument': truncation from 'double' to 'GLfloat'
C:\Users\jason\Documents\GitHub\ICT290\CAMPUS TOUR\main.cpp(4388,41): warning C4305: 'argument': truncation from 'double' to 'GLfloat'
C:\Users\jason\Documents\GitHub\ICT290\CAMPUS TOUR\main.cpp(4395,27): warning C4305: 'argument': truncation from 'double' to 'GLfloat'
C:\Users\jason\Documents\GitHub\ICT290\CAMPUS TOUR\main.cpp(4397,28): warning C4305: 'argument': truncation from 'double' to 'GLfloat'
C:\Users\jason\Documents\GitHub\ICT290\CAMPUS TOUR\main.cpp(4398,41): warning C4305: 'argument': truncation from 'double' to 'GLfloat'
C:\Users\jason\Documents\GitHub\ICT290\CAMPUS TOUR\main.cpp(4399,26): warning C4305: 'argument': truncation from 'double' to 'GLfloat'
C:\Users\jason\Documents\GitHub\ICT290\CAMPUS TOUR\main.cpp(4400,41): warning C4305: 'argument': truncation from 'double' to 'GLfloat'
C:\Users\jason\Documents\GitHub\ICT290\CAMPUS TOUR\main.cpp(4407,27): warning C4305: 'argument': truncation from 'double' to 'GLfloat'
C:\Users\jason\Documents\GitHub\ICT290\CAMPUS TOUR\main.cpp(4409,28): warning C4305: 'argument': truncation from 'double' to 'GLfloat'
C:\Users\jason\Documents\GitHub\ICT290\CAMPUS TOUR\main.cpp(4410,41): warning C4305: 'argument': truncation from 'double' to 'GLfloat'
C:\Users\jason\Documents\GitHub\ICT290\CAMPUS TOUR\main.cpp(4411,26): warning C4305: 'argument': truncation from 'double' to 'GLfloat'
C:\Users\jason\Documents\GitHub\ICT290\CAMPUS TOUR\main.cpp(4412,41): warning C4305: 'argument': truncation from 'double' to 'GLfloat'
C:\Users\jason\Documents\GitHub\ICT290\CAMPUS TOUR\main.cpp(4419,27): warning C4305: 'argument': truncation from 'double' to 'GLfloat'
C:\Users\jason\Documents\GitHub\ICT290\CAMPUS TOUR\main.cpp(4421,29): warning C4305: 'argument': truncation from 'double' to 'GLfloat'
C:\Users\jason\Documents\GitHub\ICT290\CAMPUS TOUR\main.cpp(4422,41): warning C4305: 'argument': truncation from 'double' to 'GLfloat'
C:\Users\jason\Documents\GitHub\ICT290\CAMPUS TOUR\main.cpp(4423,29): warning C4305: 'argument': truncation from 'double' to 'GLfloat'
C:\Users\jason\Documents\GitHub\ICT290\CAMPUS TOUR\main.cpp(4424,41): warning C4305: 'argument': truncation from 'double' to 'GLfloat'
C:\Users\jason\Documents\GitHub\ICT290\CAMPUS TOUR\main.cpp(4433,27): warning C4305: 'argument': truncation from 'double' to 'GLfloat'
C:\Users\jason\Documents\GitHub\ICT290\CAMPUS TOUR\main.cpp(4434,41): warning C4305: 'argument': truncation from 'double' to 'GLfloat'
C:\Users\jason\Documents\GitHub\ICT290\CAMPUS TOUR\main.cpp(4435,27): warning C4305: 'argument': truncation from 'double' to 'GLfloat'
C:\Users\jason\Documents\GitHub\ICT290\CAMPUS TOUR\main.cpp(4436,41): warning C4305: 'argument': truncation from 'double' to 'GLfloat'
C:\Users\jason\Documents\GitHub\ICT290\CAMPUS TOUR\main.cpp(4468,27): warning C4244: 'argument': conversion from 'GLdouble' to 'GLfloat', possible loss of data
C:\Users\jason\Documents\GitHub\ICT290\CAMPUS TOUR\main.cpp(4479,27): warning C4244: 'argument': conversion from 'GLdouble' to 'GLfloat', possible loss of data
C:\Users\jason\Documents\GitHub\ICT290\CAMPUS TOUR\main.cpp(4491,27): warning C4244: 'argument': conversion from 'GLdouble' to 'GLfloat', possible loss of data
C:\Users\jason\Documents\GitHub\ICT290\CAMPUS TOUR\main.cpp(4525,30): warning C4244: 'argument': conversion from 'GLdouble' to 'GLfloat', possible loss of data
C:\Users\jason\Documents\GitHub\ICT290\CAMPUS TOUR\main.cpp(4536,30): warning C4244: 'argument': conversion from 'GLdouble' to 'GLfloat', possible loss of data
C:\Users\jason\Documents\GitHub\ICT290\CAMPUS TOUR\main.cpp(4548,27): warning C4244: 'argument': conversion from 'GLdouble' to 'GLfloat', possible loss of data
C:\Users\jason\Documents\GitHub\ICT290\CAMPUS TOUR\main.cpp(4558,27): warning C4244: 'argument': conversion from 'GLdouble' to 'GLfloat', possible loss of data
C:\Users\jason\Documents\GitHub\ICT290\CAMPUS TOUR\main.cpp(4571,27): warning C4244: 'argument': conversion from 'GLdouble' to 'GLfloat', possible loss of data
C:\Users\jason\Documents\GitHub\ICT290\CAMPUS TOUR\main.cpp(4655,17): warning C4244: 'argument': conversion from 'GLdouble' to 'GLfloat', possible loss of data
C:\Users\jason\Documents\GitHub\ICT290\CAMPUS TOUR\main.cpp(4666,17): warning C4244: 'argument': conversion from 'GLdouble' to 'GLfloat', possible loss of data
C:\Users\jason\Documents\GitHub\ICT290\CAMPUS TOUR\main.cpp(4677,17): warning C4244: 'argument': conversion from 'GLdouble' to 'GLfloat', possible loss of data
C:\Users\jason\Documents\GitHub\ICT290\CAMPUS TOUR\main.cpp(4689,17): warning C4244: 'argument': conversion from 'GLdouble' to 'GLfloat', possible loss of data
C:\Users\jason\Documents\GitHub\ICT290\CAMPUS TOUR\main.cpp(4707,17): warning C4244: 'argument': conversion from 'GLdouble' to 'GLfloat', possible loss of data
C:\Users\jason\Documents\GitHub\ICT290\CAMPUS TOUR\main.cpp(4933,43): warning C4244: 'argument': conversion from 'double' to 'GLfloat', possible loss of data
C:\Users\jason\Documents\GitHub\ICT290\CAMPUS TOUR\main.cpp(4940,43): warning C4244: 'argument': conversion from 'double' to 'GLfloat', possible loss of data
C:\Users\jason\Documents\GitHub\ICT290\CAMPUS TOUR\main.cpp(4947,43): warning C4244: 'argument': conversion from 'double' to 'GLfloat', possible loss of data
C:\Users\jason\Documents\GitHub\ICT290\CAMPUS TOUR\main.cpp(4966,34): warning C4244: 'argument': conversion from 'double' to 'GLfloat', possible loss of data
C:\Users\jason\Documents\GitHub\ICT290\CAMPUS TOUR\main.cpp(4966,19): warning C4244: 'argument': conversion from 'GLdouble' to 'GLfloat', possible loss of data
C:\Users\jason\Documents\GitHub\ICT290\CAMPUS TOUR\main.cpp(4970,36): warning C4244: 'argument': conversion from 'double' to 'GLfloat', possible loss of data
C:\Users\jason\Documents\GitHub\ICT290\CAMPUS TOUR\main.cpp(4970,19): warning C4244: 'argument': conversion from 'GLdouble' to 'GLfloat', possible loss of data
C:\Users\jason\Documents\GitHub\ICT290\CAMPUS TOUR\main.cpp(4986,42): warning C4244: 'argument': conversion from 'double' to 'GLfloat', possible loss of data
C:\Users\jason\Documents\GitHub\ICT290\CAMPUS TOUR\main.cpp(4986,19): warning C4244: 'argument': conversion from 'GLdouble' to 'GLfloat', possible loss of data
C:\Users\jason\Documents\GitHub\ICT290\CAMPUS TOUR\main.cpp(4990,44): warning C4244: 'argument': conversion from 'double' to 'GLfloat', possible loss of data
C:\Users\jason\Documents\GitHub\ICT290\CAMPUS TOUR\main.cpp(4990,19): warning C4244: 'argument': conversion from 'GLdouble' to 'GLfloat', possible loss of data
C:\Users\jason\Documents\GitHub\ICT290\CAMPUS TOUR\main.cpp(5097,17): warning C4244: 'argument': conversion from 'GLdouble' to 'GLfloat', possible loss of data
C:\Users\jason\Documents\GitHub\ICT290\CAMPUS TOUR\main.cpp(5106,41): warning C4305: 'argument': truncation from 'double' to 'GLfloat'
C:\Users\jason\Documents\GitHub\ICT290\CAMPUS TOUR\main.cpp(5113,41): warning C4305: 'argument': truncation from 'double' to 'GLfloat'
C:\Users\jason\Documents\GitHub\ICT290\CAMPUS TOUR\main.cpp(5120,41): warning C4305: 'argument': truncation from 'double' to 'GLfloat'
C:\Users\jason\Documents\GitHub\ICT290\CAMPUS TOUR\main.cpp(5126,41): warning C4305: 'argument': truncation from 'double' to 'GLfloat'
C:\Users\jason\Documents\GitHub\ICT290\CAMPUS TOUR\main.cpp(5127,41): warning C4305: 'argument': truncation from 'double' to 'GLfloat'
C:\Users\jason\Documents\GitHub\ICT290\CAMPUS TOUR\main.cpp(5128,44): warning C4305: 'argument': truncation from 'double' to 'GLfloat'
C:\Users\jason\Documents\GitHub\ICT290\CAMPUS TOUR\main.cpp(5139,39): warning C4305: 'argument': truncation from 'double' to 'GLfloat'
C:\Users\jason\Documents\GitHub\ICT290\CAMPUS TOUR\main.cpp(5146,39): warning C4305: 'argument': truncation from 'double' to 'GLfloat'
C:\Users\jason\Documents\GitHub\ICT290\CAMPUS TOUR\main.cpp(5153,39): warning C4305: 'argument': truncation from 'double' to 'GLfloat'
C:\Users\jason\Documents\GitHub\ICT290\CAMPUS TOUR\main.cpp(5159,39): warning C4305: 'argument': truncation from 'double' to 'GLfloat'
C:\Users\jason\Documents\GitHub\ICT290\CAMPUS TOUR\main.cpp(5160,39): warning C4305: 'argument': truncation from 'double' to 'GLfloat'
C:\Users\jason\Documents\GitHub\ICT290\CAMPUS TOUR\main.cpp(5161,42): warning C4305: 'argument': truncation from 'double' to 'GLfloat'
C:\Users\jason\Documents\GitHub\ICT290\CAMPUS TOUR\main.cpp(5173,29): warning C4244: 'argument': conversion from 'double' to 'const int', possible loss of data
C:\Users\jason\Documents\GitHub\ICT290\CAMPUS TOUR\main.cpp(5174,29): warning C4244: 'argument': conversion from 'double' to 'const int', possible loss of data
C:\Users\jason\Documents\GitHub\ICT290\CAMPUS TOUR\main.cpp(5176,29): warning C4244: 'argument': conversion from 'double' to 'const int', possible loss of data
C:\Users\jason\Documents\GitHub\ICT290\CAMPUS TOUR\main.cpp(5177,29): warning C4244: 'argument': conversion from 'double' to 'const int', possible loss of data
C:\Users\jason\Documents\GitHub\ICT290\CAMPUS TOUR\main.cpp(5179,29): warning C4244: 'argument': conversion from 'double' to 'const int', possible loss of data
C:\Users\jason\Documents\GitHub\ICT290\CAMPUS TOUR\main.cpp(5180,29): warning C4244: 'argument': conversion from 'double' to 'const int', possible loss of data
C:\Users\jason\Documents\GitHub\ICT290\CAMPUS TOUR\main.cpp(5182,29): warning C4244: 'argument': conversion from 'double' to 'const int', possible loss of data
C:\Users\jason\Documents\GitHub\ICT290\CAMPUS TOUR\main.cpp(5183,29): warning C4244: 'argument': conversion from 'double' to 'const int', possible loss of data
C:\Users\jason\Documents\GitHub\ICT290\CAMPUS TOUR\main.cpp(5185,29): warning C4244: 'argument': conversion from 'double' to 'const int', possible loss of data
C:\Users\jason\Documents\GitHub\ICT290\CAMPUS TOUR\main.cpp(5186,29): warning C4244: 'argument': conversion from 'double' to 'const int', possible loss of data
C:\Users\jason\Documents\GitHub\ICT290\CAMPUS TOUR\main.cpp(5191,28): warning C4244: 'argument': conversion from 'double' to 'const int', possible loss of data
C:\Users\jason\Documents\GitHub\ICT290\CAMPUS TOUR\main.cpp(5196,28): warning C4244: 'argument': conversion from 'double' to 'const int', possible loss of data
C:\Users\jason\Documents\GitHub\ICT290\CAMPUS TOUR\main.cpp(5201,28): warning C4244: 'argument': conversion from 'double' to 'const int', possible loss of data
C:\Users\jason\Documents\GitHub\ICT290\CAMPUS TOUR\main.cpp(5207,28): warning C4244: 'argument': conversion from 'double' to 'const int', possible loss of data
C:\Users\jason\Documents\GitHub\ICT290\CAMPUS TOUR\main.cpp(5209,29): warning C4244: 'argument': conversion from 'double' to 'const int', possible loss of data
C:\Users\jason\Documents\GitHub\ICT290\CAMPUS TOUR\main.cpp(5210,29): warning C4244: 'argument': conversion from 'double' to 'const int', possible loss of data
C:\Users\jason\Documents\GitHub\ICT290\CAMPUS TOUR\main.cpp(5211,29): warning C4244: 'argument': conversion from 'double' to 'const int', possible loss of data
C:\Users\jason\Documents\GitHub\ICT290\CAMPUS TOUR\main.cpp(5212,29): warning C4244: 'argument': conversion from 'double' to 'const int', possible loss of data
C:\Users\jason\Documents\GitHub\ICT290\CAMPUS TOUR\main.cpp(5213,29): warning C4244: 'argument': conversion from 'double' to 'const int', possible loss of data
C:\Users\jason\Documents\GitHub\ICT290\CAMPUS TOUR\main.cpp(5214,28): warning C4244: 'argument': conversion from 'double' to 'const int', possible loss of data
C:\Users\jason\Documents\GitHub\ICT290\CAMPUS TOUR\main.cpp(5215,28): warning C4244: 'argument': conversion from 'double' to 'const int', possible loss of data
C:\Users\jason\Documents\GitHub\ICT290\CAMPUS TOUR\main.cpp(5216,28): warning C4244: 'argument': conversion from 'double' to 'const int', possible loss of data
C:\Users\jason\Documents\GitHub\ICT290\CAMPUS TOUR\main.cpp(5217,28): warning C4244: 'argument': conversion from 'double' to 'const int', possible loss of data
C:\Users\jason\Documents\GitHub\ICT290\CAMPUS TOUR\main.cpp(5218,29): warning C4244: 'argument': conversion from 'double' to 'const int', possible loss of data
C:\Users\jason\Documents\GitHub\ICT290\CAMPUS TOUR\main.cpp(5219,29): warning C4244: 'argument': conversion from 'double' to 'const int', possible loss of data
  houses.vcxproj -> C:\Users\jason\Documents\GitHub\ICT290\CAMPUS TOUR\Debug\houses.exe
