c:\users\jason\documents\github\ict290\campus tour\debug\houses.bsc
c:\users\jason\documents\github\ict290\campus tour\debug\vc142.pdb
c:\users\jason\documents\github\ict290\campus tour\debug\vc142.idb
c:\users\jason\documents\github\ict290\campus tour\debug\texturedpolygons.sbr
c:\users\jason\documents\github\ict290\campus tour\debug\soundtime.sbr
c:\users\jason\documents\github\ict290\campus tour\debug\sound.sbr
c:\users\jason\documents\github\ict290\campus tour\debug\plainnode.sbr
c:\users\jason\documents\github\ict290\campus tour\debug\plainlinkedlist.sbr
c:\users\jason\documents\github\ict290\campus tour\debug\main.sbr
c:\users\jason\documents\github\ict290\campus tour\debug\easysound.sbr
c:\users\jason\documents\github\ict290\campus tour\debug\collision.sbr
c:\users\jason\documents\github\ict290\campus tour\debug\cameramap.sbr
c:\users\jason\documents\github\ict290\campus tour\debug\camera.sbr
c:\users\jason\documents\github\ict290\campus tour\debug\aabbnode.sbr
c:\users\jason\documents\github\ict290\campus tour\debug\aabblinkedlist.sbr
c:\users\jason\documents\github\ict290\campus tour\debug\aabb.sbr
c:\users\jason\documents\github\ict290\campus tour\debug\aabb.obj
c:\users\jason\documents\github\ict290\campus tour\debug\aabblinkedlist.obj
c:\users\jason\documents\github\ict290\campus tour\debug\aabbnode.obj
c:\users\jason\documents\github\ict290\campus tour\debug\camera.obj
c:\users\jason\documents\github\ict290\campus tour\debug\cameramap.obj
c:\users\jason\documents\github\ict290\campus tour\debug\collision.obj
c:\users\jason\documents\github\ict290\campus tour\debug\easysound.obj
c:\users\jason\documents\github\ict290\campus tour\debug\main.obj
c:\users\jason\documents\github\ict290\campus tour\debug\plainlinkedlist.obj
c:\users\jason\documents\github\ict290\campus tour\debug\plainnode.obj
c:\users\jason\documents\github\ict290\campus tour\debug\sound.obj
c:\users\jason\documents\github\ict290\campus tour\debug\soundtime.obj
c:\users\jason\documents\github\ict290\campus tour\debug\texturedpolygons.obj
c:\users\jason\documents\github\ict290\campus tour\debug\houses.exe
c:\users\jason\documents\github\ict290\campus tour\debug\houses.ilk
c:\users\jason\documents\github\ict290\campus tour\debug\houses.pdb
c:\users\jason\documents\github\ict290\campus tour\debug\houses.tlog\bscmake.command.1.tlog
c:\users\jason\documents\github\ict290\campus tour\debug\houses.tlog\bscmake.read.1.tlog
c:\users\jason\documents\github\ict290\campus tour\debug\houses.tlog\bscmake.write.1.tlog
c:\users\jason\documents\github\ict290\campus tour\debug\houses.tlog\cl.command.1.tlog
c:\users\jason\documents\github\ict290\campus tour\debug\houses.tlog\cl.read.1.tlog
c:\users\jason\documents\github\ict290\campus tour\debug\houses.tlog\cl.write.1.tlog
c:\users\jason\documents\github\ict290\campus tour\debug\houses.tlog\link.command.1.tlog
c:\users\jason\documents\github\ict290\campus tour\debug\houses.tlog\link.read.1.tlog
c:\users\jason\documents\github\ict290\campus tour\debug\houses.tlog\link.write.1.tlog
