c:\users\markb\documents\github\ict290\campus tour\release\vc142.pdb
c:\users\markb\documents\github\ict290\campus tour\release\easysound.obj
c:\users\markb\documents\github\ict290\campus tour\release\drawhandler.obj
c:\users\markb\documents\github\ict290\campus tour\release\doorhandler.obj
c:\users\markb\documents\github\ict290\campus tour\release\displayhandler.obj
c:\users\markb\documents\github\ict290\campus tour\release\decorations.obj
c:\users\markb\documents\github\ict290\campus tour\release\datahandler.obj
c:\users\markb\documents\github\ict290\campus tour\release\collisionhandler.obj
c:\users\markb\documents\github\ict290\campus tour\release\collision.obj
c:\users\markb\documents\github\ict290\campus tour\release\cameramap.obj
c:\users\markb\documents\github\ict290\campus tour\release\camera.obj
c:\users\markb\documents\github\ict290\campus tour\release\aabbnode.obj
c:\users\markb\documents\github\ict290\campus tour\release\aabblinkedlist.obj
c:\users\markb\documents\github\ict290\campus tour\release\aabb.obj
c:\users\markb\documents\github\ict290\campus tour\release\imgui_widgets.obj
c:\users\markb\documents\github\ict290\campus tour\release\imgui_tables.obj
c:\users\markb\documents\github\ict290\campus tour\release\imgui_draw.obj
c:\users\markb\documents\github\ict290\campus tour\release\imgui_demo.obj
c:\users\markb\documents\github\ict290\campus tour\release\imgui.obj
c:\users\markb\documents\github\ict290\campus tour\release\imgui_impl_opengl2.obj
c:\users\markb\documents\github\ict290\campus tour\release\imgui_impl_glut.obj
c:\users\markb\documents\github\ict290\campus tour\release\updatehandler.obj
c:\users\markb\documents\github\ict290\campus tour\release\uihandler.obj
c:\users\markb\documents\github\ict290\campus tour\release\texturehandler.obj
c:\users\markb\documents\github\ict290\campus tour\release\texturedpolygons.obj
c:\users\markb\documents\github\ict290\campus tour\release\soundtime.obj
c:\users\markb\documents\github\ict290\campus tour\release\sound.obj
c:\users\markb\documents\github\ict290\campus tour\release\readobjfile.obj
c:\users\markb\documents\github\ict290\campus tour\release\player.obj
c:\users\markb\documents\github\ict290\campus tour\release\plainnode.obj
c:\users\markb\documents\github\ict290\campus tour\release\plainlinkedlist.obj
c:\users\markb\documents\github\ict290\campus tour\release\movementhandler.obj
c:\users\markb\documents\github\ict290\campus tour\release\maplevel.obj
c:\users\markb\documents\github\ict290\campus tour\release\main.obj
c:\users\markb\documents\github\ict290\campus tour\release\levelhandler.obj
c:\users\markb\documents\github\ict290\campus tour\release\geometry.obj
c:\users\markb\documents\github\ict290\campus tour\release\entityability.obj
c:\users\markb\documents\github\ict290\campus tour\release\enemy.obj
c:\users\markb\documents\github\ict290\campus tour\release\houses.exe
c:\users\markb\documents\github\ict290\campus tour\release\houses.pdb
c:\users\markb\documents\github\ict290\campus tour\release\houses.tlog\cl.command.1.tlog
c:\users\markb\documents\github\ict290\campus tour\release\houses.tlog\cl.read.1.tlog
c:\users\markb\documents\github\ict290\campus tour\release\houses.tlog\cl.write.1.tlog
c:\users\markb\documents\github\ict290\campus tour\release\houses.tlog\link.command.1.tlog
c:\users\markb\documents\github\ict290\campus tour\release\houses.tlog\link.read.1.tlog
c:\users\markb\documents\github\ict290\campus tour\release\houses.tlog\link.write.1.tlog
